<?xml version="1.0" encoding="UTF-8"?>
<testsuites name="MumlTestSuite" tests="14" errors="1" failures="3" ignored="0">
  <testsuite name="de.uni_paderborn.fujaba.muml.tests.MumlTestSuite" time="6.895">
    <testsuite name="de.uni_paderborn.fujaba.muml.tests.MetamodelOCLTest" time="1.045">
      <testcase name="validOclConstraints" classname="de.uni_paderborn.fujaba.muml.tests.MetamodelOCLTest" time="0.873">
        <failure>java.lang.AssertionError: 

ERROR: component.Component.UniquePortNames: Unrecognized variable: (name)

ERROR: component.Component.SoftwareComponentsMustNotHaveContinuousPorts: 3:59:3:116 missing ")" to complete scope

Class DiscretePort references non-existing OCL constraint "ReceiverPortRequiresMessageBuffer"

Class DiscretePort references non-existing OCL constraint "ReceiverMessageTypeMustBeAssignedToExactlyOneBuffer"

ERROR: component.AtomicComponent.AtomicComponentsNamesMustBeUnique: Unrecognized variable: (name)

ERROR: component.StructuredComponent.ComponentPartsHaveUniqueName: Unrecognized variable: (name)

ERROR: instance.ComponentInstanceConfiguration.UniqueComponentInstanceNames: Unrecognized variable: (name)

ERROR: protocol.AbstractCoordinationSpecification.UniqueRoleNames: Unrecognized variable: (name)

ERROR: protocol.CoordinationProtocol.CoordinationProtocolNamesMustBeUnique: Unrecognized variable: (name)

ERROR: realtimestatechart.State.UniqueChannelNames: Unrecognized variable: (name)

ERROR: realtimestatechart.State.InvalidClockConstraintOperator: Unknown type ([core, expressions, common, ComparingOperator, LESS])

ERROR: realtimestatechart.State.UniqueStateConnectionPointNames: Unrecognized variable: (name)

ERROR: realtimestatechart.RealtimeStatechart.UniqueNameOfStates: Unrecognized variable: (name)

ERROR: realtimestatechart.EntryPoint.OneOutgoingTransitionPerRegion: Result type does not evaluate to boolean:invalid

ERROR: realtimestatechart.ExitPoint.AtLeastOneIncomingTransitionPerRegion: Result type does not evaluate to boolean:invalid

ERROR: msgtype.MessageType.UniqueParameterNames: Unrecognized variable: (name)

ERROR: valuetype.Cardinality.LowerBoundMustBeLessOrEqualThanUpperBound: Result type does not evaluate to boolean:invalid&#13;
	at org.junit.Assert.fail(Assert.java:93)&#13;
	at de.uni_paderborn.fujaba.muml.tests.resource.ProblemCollector.fail(ProblemCollector.java:21)&#13;
	at de.uni_paderborn.fujaba.muml.tests.MetamodelOCLTest.validOclConstraints(MetamodelOCLTest.java:218)&#13;
	at sun.reflect.NativeMethodAccessorImpl.invoke0(Native Method)&#13;
	at sun.reflect.NativeMethodAccessorImpl.invoke(NativeMethodAccessorImpl.java:39)&#13;
	at sun.reflect.DelegatingMethodAccessorImpl.invoke(DelegatingMethodAccessorImpl.java:25)&#13;
	at java.lang.reflect.Method.invoke(Method.java:597)&#13;
	at org.junit.runners.model.FrameworkMethod$1.runReflectiveCall(FrameworkMethod.java:45)&#13;
	at org.junit.internal.runners.model.ReflectiveCallable.run(ReflectiveCallable.java:15)&#13;
	at org.junit.runners.model.FrameworkMethod.invokeExplosively(FrameworkMethod.java:42)&#13;
	at org.junit.internal.runners.statements.InvokeMethod.evaluate(InvokeMethod.java:20)&#13;
	at org.junit.runners.ParentRunner.runLeaf(ParentRunner.java:263)&#13;
	at org.junit.runners.BlockJUnit4ClassRunner.runChild(BlockJUnit4ClassRunner.java:68)&#13;
	at org.junit.runners.BlockJUnit4ClassRunner.runChild(BlockJUnit4ClassRunner.java:47)&#13;
	at org.junit.runners.ParentRunner$3.run(ParentRunner.java:231)&#13;
	at org.junit.runners.ParentRunner$1.schedule(ParentRunner.java:60)&#13;
	at org.junit.runners.ParentRunner.runChildren(ParentRunner.java:229)&#13;
	at org.junit.runners.ParentRunner.access$000(ParentRunner.java:50)&#13;
	at org.junit.runners.ParentRunner$2.evaluate(ParentRunner.java:222)&#13;
	at org.junit.internal.runners.statements.RunBefores.evaluate(RunBefores.java:28)&#13;
	at org.junit.runners.ParentRunner.run(ParentRunner.java:300)&#13;
	at org.junit.runners.Suite.runChild(Suite.java:128)&#13;
	at org.junit.runners.Suite.runChild(Suite.java:24)&#13;
	at org.junit.runners.ParentRunner$3.run(ParentRunner.java:231)&#13;
	at org.junit.runners.ParentRunner$1.schedule(ParentRunner.java:60)&#13;
	at org.junit.runners.ParentRunner.runChildren(ParentRunner.java:229)&#13;
	at org.junit.runners.ParentRunner.access$000(ParentRunner.java:50)&#13;
	at org.junit.runners.ParentRunner$2.evaluate(ParentRunner.java:222)&#13;
	at org.junit.runners.ParentRunner.run(ParentRunner.java:300)&#13;
	at org.eclipse.jdt.internal.junit4.runner.JUnit4TestReference.run(JUnit4TestReference.java:50)&#13;
	at org.eclipse.jdt.internal.junit.runner.TestExecution.run(TestExecution.java:38)&#13;
	at org.eclipse.jdt.internal.junit.runner.RemoteTestRunner.runTests(RemoteTestRunner.java:467)&#13;
	at org.eclipse.jdt.internal.junit.runner.RemoteTestRunner.runTests(RemoteTestRunner.java:683)&#13;
	at org.eclipse.jdt.internal.junit.runner.RemoteTestRunner.run(RemoteTestRunner.java:390)&#13;
	at org.eclipse.jdt.internal.junit.runner.RemoteTestRunner.main(RemoteTestRunner.java:197)&#13;
&#13;
</failure>
      </testcase>
      <testcase name="validOclDerivations" classname="de.uni_paderborn.fujaba.muml.tests.MetamodelOCLTest" time="0.156">
        <failure>java.lang.AssertionError: ERROR: Region.name: Unrecognized variable: (name)&#13;
	at org.junit.Assert.fail(Assert.java:93)&#13;
	at de.uni_paderborn.fujaba.muml.tests.resource.ProblemCollector.fail(ProblemCollector.java:21)&#13;
	at de.uni_paderborn.fujaba.muml.tests.MetamodelOCLTest.validOclDerivations(MetamodelOCLTest.java:299)&#13;
	at sun.reflect.NativeMethodAccessorImpl.invoke0(Native Method)&#13;
	at sun.reflect.NativeMethodAccessorImpl.invoke(NativeMethodAccessorImpl.java:39)&#13;
	at sun.reflect.DelegatingMethodAccessorImpl.invoke(DelegatingMethodAccessorImpl.java:25)&#13;
	at java.lang.reflect.Method.invoke(Method.java:597)&#13;
	at org.junit.runners.model.FrameworkMethod$1.runReflectiveCall(FrameworkMethod.java:45)&#13;
	at org.junit.internal.runners.model.ReflectiveCallable.run(ReflectiveCallable.java:15)&#13;
	at org.junit.runners.model.FrameworkMethod.invokeExplosively(FrameworkMethod.java:42)&#13;
	at org.junit.internal.runners.statements.InvokeMethod.evaluate(InvokeMethod.java:20)&#13;
	at org.junit.runners.ParentRunner.runLeaf(ParentRunner.java:263)&#13;
	at org.junit.runners.BlockJUnit4ClassRunner.runChild(BlockJUnit4ClassRunner.java:68)&#13;
	at org.junit.runners.BlockJUnit4ClassRunner.runChild(BlockJUnit4ClassRunner.java:47)&#13;
	at org.junit.runners.ParentRunner$3.run(ParentRunner.java:231)&#13;
	at org.junit.runners.ParentRunner$1.schedule(ParentRunner.java:60)&#13;
	at org.junit.runners.ParentRunner.runChildren(ParentRunner.java:229)&#13;
	at org.junit.runners.ParentRunner.access$000(ParentRunner.java:50)&#13;
	at org.junit.runners.ParentRunner$2.evaluate(ParentRunner.java:222)&#13;
	at org.junit.internal.runners.statements.RunBefores.evaluate(RunBefores.java:28)&#13;
	at org.junit.runners.ParentRunner.run(ParentRunner.java:300)&#13;
	at org.junit.runners.Suite.runChild(Suite.java:128)&#13;
	at org.junit.runners.Suite.runChild(Suite.java:24)&#13;
	at org.junit.runners.ParentRunner$3.run(ParentRunner.java:231)&#13;
	at org.junit.runners.ParentRunner$1.schedule(ParentRunner.java:60)&#13;
	at org.junit.runners.ParentRunner.runChildren(ParentRunner.java:229)&#13;
	at org.junit.runners.ParentRunner.access$000(ParentRunner.java:50)&#13;
	at org.junit.runners.ParentRunner$2.evaluate(ParentRunner.java:222)&#13;
	at org.junit.runners.ParentRunner.run(ParentRunner.java:300)&#13;
	at org.eclipse.jdt.internal.junit4.runner.JUnit4TestReference.run(JUnit4TestReference.java:50)&#13;
	at org.eclipse.jdt.internal.junit.runner.TestExecution.run(TestExecution.java:38)&#13;
	at org.eclipse.jdt.internal.junit.runner.RemoteTestRunner.runTests(RemoteTestRunner.java:467)&#13;
	at org.eclipse.jdt.internal.junit.runner.RemoteTestRunner.runTests(RemoteTestRunner.java:683)&#13;
	at org.eclipse.jdt.internal.junit.runner.RemoteTestRunner.run(RemoteTestRunner.java:390)&#13;
	at org.eclipse.jdt.internal.junit.runner.RemoteTestRunner.main(RemoteTestRunner.java:197)&#13;
&#13;
</failure>
      </testcase>
      <testcase name="deactivatedOclConstraints" classname="de.uni_paderborn.fujaba.muml.tests.MetamodelOCLTest" time="0.0">
        <failure>java.lang.AssertionError: 

DEACT:AssemblyConnector.ValidContinuousPortDirections

DEACT:AssemblyConnector.ValidHybridInPortCombination

DEACT:AssemblyConnector.AssemblyBetweenDiscretePortsSameMessageInterfaces

DEACT:AssemblyConnector.ValidDiscreteInPortCombination

DEACT:AssemblyConnector.ValidDiscreteOutPortCombination

DEACT:AssemblyConnector.AssemblyBetweenDiscretePortsRequiresCoordinationProtocol

DEACT:AssemblyConnector.ValidHybridOutPortCombination

DEACT:AssemblyConnector.AssemblyBetweenDiscretePortsRequiresDifferentRoles

DEACT:AssemblyConnector.ValidDiscreteInOutPortCombination

DEACT:AssemblyConnector.ValidContinuousOutPortCombination

DEACT:AssemblyConnector.AssemblyBetweenDiscretePortsRequiresSameCoordinationProtocol

DEACT:AssemblyConnector.ValidContinuousInPortCombination

DEACT:AssemblyConnector.NoSelfAssembliesForSinglePortsOfSingleParts

DEACT:DelegationConnector.DelegationBetweenDiscretePortsRequiresSameRoles

DEACT:DelegationConnector.ValidContinuousPortDirections

DEACT:DelegationConnector.DelegationBetweenDiscretePortsRequiresSameCoordinationProtocol

DEACT:DelegationConnector.ValidHybridInPortCombination

DEACT:DelegationConnector.ValidPortDirections

DEACT:DelegationConnector.DiscreteMultiPortDelegationRequiresMultiPortOrSinglePortAndMultiPart

DEACT:DelegationConnector.ValidDiscreteInPortCombination

DEACT:DelegationConnector.ValidDiscreteOutPortCombination

DEACT:DelegationConnector.ValidHybridOutPortCombination

DEACT:DelegationConnector.ValidDiscreteInOutPortCombination

DEACT:DelegationConnector.DelegationBetweenContinuousPortsRequiresSameDataType

DEACT:DelegationConnector.ValidContinuousOutPortCombination

DEACT:DelegationConnector.ValidContinuousInPortCombination

DEACT:DelegationConnectorInstance.OneDelegationInstancePerPortInstance&#13;
	at org.junit.Assert.fail(Assert.java:93)&#13;
	at de.uni_paderborn.fujaba.muml.tests.resource.ProblemCollector.fail(ProblemCollector.java:21)&#13;
	at de.uni_paderborn.fujaba.muml.tests.MetamodelOCLTest.deactivatedOclConstraints(MetamodelOCLTest.java:353)&#13;
	at sun.reflect.NativeMethodAccessorImpl.invoke0(Native Method)&#13;
	at sun.reflect.NativeMethodAccessorImpl.invoke(NativeMethodAccessorImpl.java:39)&#13;
	at sun.reflect.DelegatingMethodAccessorImpl.invoke(DelegatingMethodAccessorImpl.java:25)&#13;
	at java.lang.reflect.Method.invoke(Method.java:597)&#13;
	at org.junit.runners.model.FrameworkMethod$1.runReflectiveCall(FrameworkMethod.java:45)&#13;
	at org.junit.internal.runners.model.ReflectiveCallable.run(ReflectiveCallable.java:15)&#13;
	at org.junit.runners.model.FrameworkMethod.invokeExplosively(FrameworkMethod.java:42)&#13;
	at org.junit.internal.runners.statements.InvokeMethod.evaluate(InvokeMethod.java:20)&#13;
	at org.junit.runners.ParentRunner.runLeaf(ParentRunner.java:263)&#13;
	at org.junit.runners.BlockJUnit4ClassRunner.runChild(BlockJUnit4ClassRunner.java:68)&#13;
	at org.junit.runners.BlockJUnit4ClassRunner.runChild(BlockJUnit4ClassRunner.java:47)&#13;
	at org.junit.runners.ParentRunner$3.run(ParentRunner.java:231)&#13;
	at org.junit.runners.ParentRunner$1.schedule(ParentRunner.java:60)&#13;
	at org.junit.runners.ParentRunner.runChildren(ParentRunner.java:229)&#13;
	at org.junit.runners.ParentRunner.access$000(ParentRunner.java:50)&#13;
	at org.junit.runners.ParentRunner$2.evaluate(ParentRunner.java:222)&#13;
	at org.junit.internal.runners.statements.RunBefores.evaluate(RunBefores.java:28)&#13;
	at org.junit.runners.ParentRunner.run(ParentRunner.java:300)&#13;
	at org.junit.runners.Suite.runChild(Suite.java:128)&#13;
	at org.junit.runners.Suite.runChild(Suite.java:24)&#13;
	at org.junit.runners.ParentRunner$3.run(ParentRunner.java:231)&#13;
	at org.junit.runners.ParentRunner$1.schedule(ParentRunner.java:60)&#13;
	at org.junit.runners.ParentRunner.runChildren(ParentRunner.java:229)&#13;
	at org.junit.runners.ParentRunner.access$000(ParentRunner.java:50)&#13;
	at org.junit.runners.ParentRunner$2.evaluate(ParentRunner.java:222)&#13;
	at org.junit.runners.ParentRunner.run(ParentRunner.java:300)&#13;
	at org.eclipse.jdt.internal.junit4.runner.JUnit4TestReference.run(JUnit4TestReference.java:50)&#13;
	at org.eclipse.jdt.internal.junit.runner.TestExecution.run(TestExecution.java:38)&#13;
	at org.eclipse.jdt.internal.junit.runner.RemoteTestRunner.runTests(RemoteTestRunner.java:467)&#13;
	at org.eclipse.jdt.internal.junit.runner.RemoteTestRunner.runTests(RemoteTestRunner.java:683)&#13;
	at org.eclipse.jdt.internal.junit.runner.RemoteTestRunner.run(RemoteTestRunner.java:390)&#13;
	at org.eclipse.jdt.internal.junit.runner.RemoteTestRunner.main(RemoteTestRunner.java:197)&#13;
&#13;
</failure>
      </testcase>
    </testsuite>
    <testsuite name="de.uni_paderborn.fujaba.muml.tests.GenmodelTest" time="0.094">
      <testcase name="notEmptyGenmodel" classname="de.uni_paderborn.fujaba.muml.tests.GenmodelTest" time="0.0"/>
      <testcase name="validRootElement" classname="de.uni_paderborn.fujaba.muml.tests.GenmodelTest" time="0.0"/>
      <testcase name="singleRootElement" classname="de.uni_paderborn.fujaba.muml.tests.GenmodelTest" time="0.0"/>
      <testcase name="validChildrenSetting" classname="de.uni_paderborn.fujaba.muml.tests.GenmodelTest" time="0.016"/>
      <testcase name="validCreateChildrenSetting" classname="de.uni_paderborn.fujaba.muml.tests.GenmodelTest" time="0.015"/>
      <testcase name="validNotifySetting" classname="de.uni_paderborn.fujaba.muml.tests.GenmodelTest" time="0.0"/>
      <testcase name="validPropertyTypeSetting" classname="de.uni_paderborn.fujaba.muml.tests.GenmodelTest" time="0.063"/>
    </testsuite>
    <testsuite name="de.uni_paderborn.fujaba.muml.tests.packages.ModelPluginXmlPackageTest" time="0.093">
      <testcase name="testModelPluginXml" classname="de.uni_paderborn.fujaba.muml.tests.packages.ModelPluginXmlPackageTest" time="0.093"/>
    </testsuite>
    <testsuite name="de.uni_paderborn.fujaba.muml.tests.packages.EditPluginXmlPackageTest" time="0.468">
      <testcase name="testEditPluginXml" classname="de.uni_paderborn.fujaba.muml.tests.packages.EditPluginXmlPackageTest" time="0.468"/>
    </testsuite>
    <testsuite name="de.uni_paderborn.fujaba.muml.tests.ValidateMetamodelsTest" time="0.406">
      <testcase name="validateMetamodels" classname="de.uni_paderborn.fujaba.muml.tests.ValidateMetamodelsTest" time="0.406">
        <error>java.lang.NullPointerException&#13;
	at org.eclipse.emf.ecore.impl.EStructuralFeatureImpl.getDefaultValue(EStructuralFeatureImpl.java:122)&#13;
	at org.eclipse.emf.ecore.impl.EAttributeImpl.eIsSet(EAttributeImpl.java:428)&#13;
	at org.eclipse.emf.ecore.impl.BasicEObjectImpl.eIsSet(BasicEObjectImpl.java:1237)&#13;
	at org.eclipse.emf.ecore.util.EObjectValidator.validate_DataValueConforms(EObjectValidator.java:832)&#13;
	at org.eclipse.emf.ecore.util.EObjectValidator.validate_EveryDataValueConforms(EObjectValidator.java:820)&#13;
	at org.eclipse.emf.ecore.util.EcoreValidator.validateEAttribute(EcoreValidator.java:521)&#13;
	at org.eclipse.emf.ecore.util.EcoreValidator.validate(EcoreValidator.java:402)&#13;
	at org.eclipse.emf.ecore.util.EObjectValidator.validate(EObjectValidator.java:324)&#13;
	at org.eclipse.emf.ecore.util.Diagnostician.validate(Diagnostician.java:159)&#13;
	at org.eclipse.emf.ecore.util.Diagnostician.validate(Diagnostician.java:137)&#13;
	at org.eclipse.emf.ecore.util.Diagnostician.doValidateContents(Diagnostician.java:178)&#13;
	at org.eclipse.emf.ecore.util.Diagnostician.validate(Diagnostician.java:162)&#13;
	at org.eclipse.emf.ecore.util.Diagnostician.validate(Diagnostician.java:137)&#13;
	at org.eclipse.emf.ecore.util.Diagnostician.doValidateContents(Diagnostician.java:178)&#13;
	at org.eclipse.emf.ecore.util.Diagnostician.validate(Diagnostician.java:162)&#13;
	at org.eclipse.emf.ecore.util.Diagnostician.validate(Diagnostician.java:137)&#13;
	at org.eclipse.emf.ecore.util.Diagnostician.doValidateContents(Diagnostician.java:178)&#13;
	at org.eclipse.emf.ecore.util.Diagnostician.validate(Diagnostician.java:162)&#13;
	at org.eclipse.emf.ecore.util.Diagnostician.validate(Diagnostician.java:137)&#13;
	at de.uni_paderborn.fujaba.muml.tests.ValidateMetamodelsTest.validateMetamodels(ValidateMetamodelsTest.java:97)&#13;
	at sun.reflect.NativeMethodAccessorImpl.invoke0(Native Method)&#13;
	at sun.reflect.NativeMethodAccessorImpl.invoke(NativeMethodAccessorImpl.java:39)&#13;
	at sun.reflect.DelegatingMethodAccessorImpl.invoke(DelegatingMethodAccessorImpl.java:25)&#13;
	at java.lang.reflect.Method.invoke(Method.java:597)&#13;
	at org.junit.runners.model.FrameworkMethod$1.runReflectiveCall(FrameworkMethod.java:45)&#13;
	at org.junit.internal.runners.model.ReflectiveCallable.run(ReflectiveCallable.java:15)&#13;
	at org.junit.runners.model.FrameworkMethod.invokeExplosively(FrameworkMethod.java:42)&#13;
	at org.junit.internal.runners.statements.InvokeMethod.evaluate(InvokeMethod.java:20)&#13;
	at org.junit.runners.ParentRunner.runLeaf(ParentRunner.java:263)&#13;
	at org.junit.runners.BlockJUnit4ClassRunner.runChild(BlockJUnit4ClassRunner.java:68)&#13;
	at org.junit.runners.BlockJUnit4ClassRunner.runChild(BlockJUnit4ClassRunner.java:47)&#13;
	at org.junit.runners.ParentRunner$3.run(ParentRunner.java:231)&#13;
	at org.junit.runners.ParentRunner$1.schedule(ParentRunner.java:60)&#13;
	at org.junit.runners.ParentRunner.runChildren(ParentRunner.java:229)&#13;
	at org.junit.runners.ParentRunner.access$000(ParentRunner.java:50)&#13;
	at org.junit.runners.ParentRunner$2.evaluate(ParentRunner.java:222)&#13;
	at org.junit.internal.runners.statements.RunBefores.evaluate(RunBefores.java:28)&#13;
	at org.junit.internal.runners.statements.RunAfters.evaluate(RunAfters.java:30)&#13;
	at org.junit.runners.ParentRunner.run(ParentRunner.java:300)&#13;
	at org.junit.runners.Suite.runChild(Suite.java:128)&#13;
	at org.junit.runners.Suite.runChild(Suite.java:24)&#13;
	at org.junit.runners.ParentRunner$3.run(ParentRunner.java:231)&#13;
	at org.junit.runners.ParentRunner$1.schedule(ParentRunner.java:60)&#13;
	at org.junit.runners.ParentRunner.runChildren(ParentRunner.java:229)&#13;
	at org.junit.runners.ParentRunner.access$000(ParentRunner.java:50)&#13;
	at org.junit.runners.ParentRunner$2.evaluate(ParentRunner.java:222)&#13;
	at org.junit.runners.ParentRunner.run(ParentRunner.java:300)&#13;
	at org.eclipse.jdt.internal.junit4.runner.JUnit4TestReference.run(JUnit4TestReference.java:50)&#13;
	at org.eclipse.jdt.internal.junit.runner.TestExecution.run(TestExecution.java:38)&#13;
	at org.eclipse.jdt.internal.junit.runner.RemoteTestRunner.runTests(RemoteTestRunner.java:467)&#13;
	at org.eclipse.jdt.internal.junit.runner.RemoteTestRunner.runTests(RemoteTestRunner.java:683)&#13;
	at org.eclipse.jdt.internal.junit.runner.RemoteTestRunner.run(RemoteTestRunner.java:390)&#13;
	at org.eclipse.jdt.internal.junit.runner.RemoteTestRunner.main(RemoteTestRunner.java:197)&#13;
&#13;
</error>
      </testcase>
    </testsuite>
    <testsuite name="de.uni_paderborn.fujaba.muml.tests.DiagramPluginXmlTest" time="0.203">
      <testcase name="validMetamodelNsUris" classname="de.uni_paderborn.fujaba.muml.tests.DiagramPluginXmlTest" time="0.203"/>
    </testsuite>
  </testsuite>
</testsuites>
